2016-06-23T18:07:41.239+0000 [initandlisten] MongoDB starting : pid=16146 port=27017 dbpath=/data/db 64-bit host=sgannonumd-bolt_test-3154403
2016-06-23T18:07:41.239+0000 [initandlisten] db version v2.6.12
2016-06-23T18:07:41.239+0000 [initandlisten] git version: d73c92b1c85703828b55c2916a5dd4ad46535f6a
2016-06-23T18:07:41.239+0000 [initandlisten] build info: Linux build5.ny.cbi.10gen.cc 2.6.32-431.3.1.el6.x86_64 #1 SMP Fri Jan 3 21:39:27 UTC 2014 x86_64 BOOST_LIB_VERSION=1_49
2016-06-23T18:07:41.239+0000 [initandlisten] allocator: tcmalloc
2016-06-23T18:07:41.239+0000 [initandlisten] options: { storage: { smallFiles: true } }
2016-06-23T18:07:41.249+0000 [initandlisten] exception in initAndListen: 10309 Unable to create/open lock file: /data/db/mongod.lock errno:13 Permission denied Is a mongod instance already running?, terminating
2016-06-23T18:07:41.249+0000 [initandlisten] dbexit: 
2016-06-23T18:07:41.249+0000 [initandlisten] shutdown: going to close listening sockets...
2016-06-23T18:07:41.249+0000 [initandlisten] shutdown: going to flush diaglog...
2016-06-23T18:07:41.249+0000 [initandlisten] shutdown: going to close sockets...
2016-06-23T18:07:41.250+0000 [initandlisten] shutdown: waiting for fs preallocator...
2016-06-23T18:07:41.250+0000 [initandlisten] shutdown: lock for final commit...
2016-06-23T18:07:41.250+0000 [initandlisten] shutdown: final commit...
2016-06-23T18:07:41.250+0000 [initandlisten] shutdown: closing all files...
2016-06-23T18:07:41.250+0000 [initandlisten] closeAllFiles() finished
2016-06-23T18:07:41.250+0000 [initandlisten] shutdown: removing fs lock...
2016-06-23T18:07:41.250+0000 [initandlisten] couldn't remove fs lock errno:9 Bad file descriptor
2016-06-23T18:07:41.250+0000 [initandlisten] dbexit: really exiting now
2016-06-23T18:37:04.239+0000 [initandlisten] MongoDB starting : pid=17062 port=27017 dbpath=/data/db 64-bit host=sgannonumd-bolt_test-3154403
2016-06-23T18:37:04.240+0000 [initandlisten] db version v2.6.12
2016-06-23T18:37:04.240+0000 [initandlisten] git version: d73c92b1c85703828b55c2916a5dd4ad46535f6a
2016-06-23T18:37:04.240+0000 [initandlisten] build info: Linux build5.ny.cbi.10gen.cc 2.6.32-431.3.1.el6.x86_64 #1 SMP Fri Jan 3 21:39:27 UTC 2014 x86_64 BOOST_LIB_VERSION=1_49
2016-06-23T18:37:04.240+0000 [initandlisten] allocator: tcmalloc
2016-06-23T18:37:04.240+0000 [initandlisten] options: { storage: { smallFiles: true } }
2016-06-23T18:37:04.240+0000 [initandlisten] exception in initAndListen: 10309 Unable to create/open lock file: /data/db/mongod.lock errno:13 Permission denied Is a mongod instance already running?, terminating
2016-06-23T18:37:04.240+0000 [initandlisten] dbexit: 
2016-06-23T18:37:04.240+0000 [initandlisten] shutdown: going to close listening sockets...
2016-06-23T18:37:04.240+0000 [initandlisten] shutdown: going to flush diaglog...
2016-06-23T18:37:04.240+0000 [initandlisten] shutdown: going to close sockets...
2016-06-23T18:37:04.240+0000 [initandlisten] shutdown: waiting for fs preallocator...
2016-06-23T18:37:04.240+0000 [initandlisten] shutdown: lock for final commit...
2016-06-23T18:37:04.240+0000 [initandlisten] shutdown: final commit...
2016-06-23T18:37:04.240+0000 [initandlisten] shutdown: closing all files...
2016-06-23T18:37:04.240+0000 [initandlisten] closeAllFiles() finished
2016-06-23T18:37:04.240+0000 [initandlisten] shutdown: removing fs lock...
2016-06-23T18:37:04.240+0000 [initandlisten] couldn't remove fs lock errno:9 Bad file descriptor
2016-06-23T18:37:04.240+0000 [initandlisten] dbexit: really exiting now
2016-06-23T18:37:21.630+0000 [initandlisten] MongoDB starting : pid=17957 port=27017 dbpath=/data/db 64-bit host=sgannonumd-bolt_test-3154403
2016-06-23T18:37:21.630+0000 [initandlisten] db version v2.6.12
2016-06-23T18:37:21.630+0000 [initandlisten] git version: d73c92b1c85703828b55c2916a5dd4ad46535f6a
2016-06-23T18:37:21.630+0000 [initandlisten] build info: Linux build5.ny.cbi.10gen.cc 2.6.32-431.3.1.el6.x86_64 #1 SMP Fri Jan 3 21:39:27 UTC 2014 x86_64 BOOST_LIB_VERSION=1_49
2016-06-23T18:37:21.630+0000 [initandlisten] allocator: tcmalloc
2016-06-23T18:37:21.630+0000 [initandlisten] options: { storage: { smallFiles: true } }
2016-06-23T18:37:21.631+0000 [initandlisten] exception in initAndListen: 10309 Unable to create/open lock file: /data/db/mongod.lock errno:13 Permission denied Is a mongod instance already running?, terminating
2016-06-23T18:37:21.631+0000 [initandlisten] dbexit: 
2016-06-23T18:37:21.631+0000 [initandlisten] shutdown: going to close listening sockets...
2016-06-23T18:37:21.631+0000 [initandlisten] shutdown: going to flush diaglog...
2016-06-23T18:37:21.631+0000 [initandlisten] shutdown: going to close sockets...
2016-06-23T18:37:21.631+0000 [initandlisten] shutdown: waiting for fs preallocator...
2016-06-23T18:37:21.631+0000 [initandlisten] shutdown: lock for final commit...
2016-06-23T18:37:21.631+0000 [initandlisten] shutdown: final commit...
2016-06-23T18:37:21.631+0000 [initandlisten] shutdown: closing all files...
2016-06-23T18:37:21.631+0000 [initandlisten] closeAllFiles() finished
2016-06-23T18:37:21.631+0000 [initandlisten] shutdown: removing fs lock...
2016-06-23T18:37:21.631+0000 [initandlisten] couldn't remove fs lock errno:9 Bad file descriptor
2016-06-23T18:37:21.631+0000 [initandlisten] dbexit: really exiting now
2016-06-29T15:24:29.727+0000 [initandlisten] MongoDB starting : pid=4719 port=27017 dbpath=/data/db 64-bit host=sgannonumd-bolt_test-3154403
2016-06-29T15:24:29.728+0000 [initandlisten] db version v2.6.12
2016-06-29T15:24:29.728+0000 [initandlisten] git version: d73c92b1c85703828b55c2916a5dd4ad46535f6a
2016-06-29T15:24:29.728+0000 [initandlisten] build info: Linux build5.ny.cbi.10gen.cc 2.6.32-431.3.1.el6.x86_64 #1 SMP Fri Jan 3 21:39:27 UTC 2014 x86_64 BOOST_LIB_VERSION=1_49
2016-06-29T15:24:29.728+0000 [initandlisten] allocator: tcmalloc
2016-06-29T15:24:29.728+0000 [initandlisten] options: { storage: { smallFiles: true } }
2016-06-29T15:24:29.738+0000 [initandlisten] journal dir=/data/db/journal
2016-06-29T15:24:29.739+0000 [initandlisten] recover begin
2016-06-29T15:24:29.739+0000 [initandlisten] recover lsn: 1
2016-06-29T15:24:29.739+0000 [initandlisten] recover /data/db/journal/j._0
2016-06-29T15:24:29.739+0000 [initandlisten] recover applying initial journal section with sequence number 1
2016-06-29T15:24:29.747+0000 [initandlisten] recover cleaning up
2016-06-29T15:24:29.747+0000 [initandlisten] removeJournalFiles
2016-06-29T15:24:29.770+0000 [initandlisten] recover done
2016-06-29T15:24:29.771+0000 [initandlisten] preallocating a journal file /data/db/journal/prealloc.0
2016-06-29T15:24:30.389+0000 [initandlisten] waiting for connections on port 27017
2016-06-29T15:24:40.173+0000 [initandlisten] connection accepted from 127.0.0.1:60102 #1 (1 connection now open)
2016-06-29T15:24:46.688+0000 [initandlisten] connection accepted from 127.0.0.1:60324 #2 (2 connections now open)
2016-06-29T15:25:30.394+0000 [clientcursormon] mem (MB) res:61 virt:314
2016-06-29T15:25:30.394+0000 [clientcursormon]  mapped (incl journal view):128
2016-06-29T15:25:30.394+0000 [clientcursormon]  connections:2
2016-06-29T15:30:30.409+0000 [clientcursormon] mem (MB) res:61 virt:314
2016-06-29T15:30:30.409+0000 [clientcursormon]  mapped (incl journal view):128
2016-06-29T15:30:30.409+0000 [clientcursormon]  connections:2
2016-06-29T15:35:30.431+0000 [clientcursormon] mem (MB) res:61 virt:314
2016-06-29T15:35:30.431+0000 [clientcursormon]  mapped (incl journal view):128
2016-06-29T15:35:30.431+0000 [clientcursormon]  connections:2
2016-06-29T15:40:30.456+0000 [clientcursormon] mem (MB) res:61 virt:314
2016-06-29T15:40:30.457+0000 [clientcursormon]  mapped (incl journal view):128
2016-06-29T15:40:30.457+0000 [clientcursormon]  connections:2
2016-06-29T15:45:30.478+0000 [clientcursormon] mem (MB) res:61 virt:314
2016-06-29T15:45:30.478+0000 [clientcursormon]  mapped (incl journal view):128
2016-06-29T15:45:30.478+0000 [clientcursormon]  connections:2
2016-06-29T15:50:30.508+0000 [clientcursormon] mem (MB) res:61 virt:314
2016-06-29T15:50:30.508+0000 [clientcursormon]  mapped (incl journal view):128
2016-06-29T15:50:30.508+0000 [clientcursormon]  connections:2
2016-06-29T15:55:30.524+0000 [clientcursormon] mem (MB) res:61 virt:314
2016-06-29T15:55:30.525+0000 [clientcursormon]  mapped (incl journal view):128
2016-06-29T15:55:30.525+0000 [clientcursormon]  connections:2
2016-06-29T16:00:30.543+0000 [clientcursormon] mem (MB) res:61 virt:314
2016-06-29T16:00:30.544+0000 [clientcursormon]  mapped (incl journal view):128
2016-06-29T16:00:30.544+0000 [clientcursormon]  connections:2
2016-06-29T16:05:30.559+0000 [clientcursormon] mem (MB) res:61 virt:314
2016-06-29T16:05:30.559+0000 [clientcursormon]  mapped (incl journal view):128
2016-06-29T16:05:30.559+0000 [clientcursormon]  connections:2
2016-06-29T16:10:30.580+0000 [clientcursormon] mem (MB) res:61 virt:314
2016-06-29T16:10:30.581+0000 [clientcursormon]  mapped (incl journal view):128
2016-06-29T16:10:30.581+0000 [clientcursormon]  connections:2
2016-06-29T16:15:30.597+0000 [clientcursormon] mem (MB) res:61 virt:314
2016-06-29T16:15:30.597+0000 [clientcursormon]  mapped (incl journal view):128
2016-06-29T16:15:30.597+0000 [clientcursormon]  connections:2
2016-06-29T16:20:30.622+0000 [clientcursormon] mem (MB) res:61 virt:314
2016-06-29T16:20:30.622+0000 [clientcursormon]  mapped (incl journal view):128
2016-06-29T16:20:30.622+0000 [clientcursormon]  connections:2
2016-06-29T16:21:18.482+0000 [conn1] end connection 127.0.0.1:60102 (1 connection now open)
2016-06-29T16:21:18.482+0000 [conn2] end connection 127.0.0.1:60324 (1 connection now open)
2016-06-29T16:21:24.299+0000 [initandlisten] connection accepted from 127.0.0.1:43680 #3 (1 connection now open)
2016-06-29T16:25:30.644+0000 [clientcursormon] mem (MB) res:61 virt:314
2016-06-29T16:25:30.644+0000 [clientcursormon]  mapped (incl journal view):128
2016-06-29T16:25:30.644+0000 [clientcursormon]  connections:1
2016-06-29T16:26:46.272+0000 [conn3] end connection 127.0.0.1:43680 (0 connections now open)
2016-06-29T16:28:18.464+0000 [initandlisten] connection accepted from 127.0.0.1:33426 #4 (1 connection now open)
2016-06-29T16:28:25.614+0000 [initandlisten] connection accepted from 127.0.0.1:33676 #5 (2 connections now open)
2016-06-29T16:30:30.673+0000 [clientcursormon] mem (MB) res:45 virt:314
2016-06-29T16:30:30.673+0000 [clientcursormon]  mapped (incl journal view):128
2016-06-29T16:30:30.673+0000 [clientcursormon]  connections:2
2016-06-29T16:32:21.260+0000 [conn5] end connection 127.0.0.1:33676 (1 connection now open)
2016-06-29T16:32:21.260+0000 [conn4] end connection 127.0.0.1:33426 (1 connection now open)
2016-06-29T16:32:27.862+0000 [initandlisten] connection accepted from 127.0.0.1:43884 #6 (1 connection now open)
2016-06-29T16:35:30.695+0000 [clientcursormon] mem (MB) res:45 virt:314
2016-06-29T16:35:30.695+0000 [clientcursormon]  mapped (incl journal view):128
2016-06-29T16:35:30.695+0000 [clientcursormon]  connections:1
2016-06-29T16:35:31.066+0000 [conn6] end connection 127.0.0.1:43884 (0 connections now open)
2016-06-29T16:35:38.220+0000 [initandlisten] connection accepted from 127.0.0.1:52612 #7 (1 connection now open)
2016-06-29T16:40:30.737+0000 [clientcursormon] mem (MB) res:45 virt:314
2016-06-29T16:40:30.737+0000 [clientcursormon]  mapped (incl journal view):128
2016-06-29T16:40:30.737+0000 [clientcursormon]  connections:1
2016-06-29T16:45:30.763+0000 [clientcursormon] mem (MB) res:45 virt:314
2016-06-29T16:45:30.763+0000 [clientcursormon]  mapped (incl journal view):128
2016-06-29T16:45:30.763+0000 [clientcursormon]  connections:1
2016-06-29T16:46:47.400+0000 [conn7] end connection 127.0.0.1:52612 (0 connections now open)
2016-06-29T16:47:03.066+0000 [initandlisten] connection accepted from 127.0.0.1:57032 #8 (1 connection now open)
2016-06-29T16:50:30.784+0000 [clientcursormon] mem (MB) res:45 virt:314
2016-06-29T16:50:30.784+0000 [clientcursormon]  mapped (incl journal view):128
2016-06-29T16:50:30.784+0000 [clientcursormon]  connections:1
2016-06-29T16:50:40.733+0000 [conn8] end connection 127.0.0.1:57032 (0 connections now open)
2016-06-29T16:50:47.405+0000 [initandlisten] connection accepted from 127.0.0.1:38404 #9 (1 connection now open)
2016-06-29T16:55:30.814+0000 [clientcursormon] mem (MB) res:45 virt:314
2016-06-29T16:55:30.814+0000 [clientcursormon]  mapped (incl journal view):128
2016-06-29T16:55:30.814+0000 [clientcursormon]  connections:1
2016-06-29T16:55:41.390+0000 [conn9] end connection 127.0.0.1:38404 (0 connections now open)
2016-06-29T16:55:48.243+0000 [initandlisten] connection accepted from 127.0.0.1:53242 #10 (1 connection now open)
2016-06-29T16:57:48.352+0000 [conn10] end connection 127.0.0.1:53242 (0 connections now open)
2016-06-29T16:57:54.737+0000 [initandlisten] connection accepted from 127.0.0.1:57698 #11 (1 connection now open)
2016-06-29T17:00:30.840+0000 [clientcursormon] mem (MB) res:45 virt:314
2016-06-29T17:00:30.841+0000 [clientcursormon]  mapped (incl journal view):128
2016-06-29T17:00:30.841+0000 [clientcursormon]  connections:1
2016-06-29T17:00:44.113+0000 [conn11] end connection 127.0.0.1:57698 (0 connections now open)
2016-06-29T17:00:50.909+0000 [initandlisten] connection accepted from 127.0.0.1:38856 #12 (1 connection now open)
2016-06-29T17:04:11.987+0000 [conn12] end connection 127.0.0.1:38856 (0 connections now open)
2016-06-29T17:05:30.883+0000 [clientcursormon] mem (MB) res:45 virt:314
2016-06-29T17:05:30.883+0000 [clientcursormon]  mapped (incl journal view):128
2016-06-29T17:05:30.883+0000 [clientcursormon]  connections:0
2016-06-29T17:08:13.443+0000 [initandlisten] connection accepted from 127.0.0.1:33208 #13 (1 connection now open)
2016-06-29T17:10:30.922+0000 [clientcursormon] mem (MB) res:45 virt:314
2016-06-29T17:10:30.922+0000 [clientcursormon]  mapped (incl journal view):128
2016-06-29T17:10:30.923+0000 [clientcursormon]  connections:1
2016-06-29T17:12:17.358+0000 [conn13] end connection 127.0.0.1:33208 (0 connections now open)
2016-06-29T17:14:29.053+0000 [initandlisten] connection accepted from 127.0.0.1:50952 #14 (1 connection now open)
2016-06-29T17:14:59.477+0000 [conn14] end connection 127.0.0.1:50952 (0 connections now open)
2016-06-29T17:15:16.793+0000 [initandlisten] connection accepted from 127.0.0.1:52788 #15 (1 connection now open)
2016-06-29T17:15:30.954+0000 [clientcursormon] mem (MB) res:45 virt:314
2016-06-29T17:15:30.954+0000 [clientcursormon]  mapped (incl journal view):128
2016-06-29T17:15:30.955+0000 [clientcursormon]  connections:1
2016-06-29T17:15:40.529+0000 [conn15] end connection 127.0.0.1:52788 (0 connections now open)
2016-06-29T17:15:47.243+0000 [initandlisten] connection accepted from 127.0.0.1:53830 #16 (1 connection now open)
2016-06-29T17:16:12.686+0000 [conn16] end connection 127.0.0.1:53830 (0 connections now open)
2016-06-29T17:16:50.706+0000 [initandlisten] connection accepted from 127.0.0.1:56338 #17 (1 connection now open)
2016-06-29T17:20:30.997+0000 [clientcursormon] mem (MB) res:45 virt:314
2016-06-29T17:20:30.997+0000 [clientcursormon]  mapped (incl journal view):128
2016-06-29T17:20:30.997+0000 [clientcursormon]  connections:1
2016-06-29T17:25:31.068+0000 [clientcursormon] mem (MB) res:45 virt:314
2016-06-29T17:25:31.068+0000 [clientcursormon]  mapped (incl journal view):128
2016-06-29T17:25:31.068+0000 [clientcursormon]  connections:1
2016-06-29T17:30:31.100+0000 [clientcursormon] mem (MB) res:44 virt:314
2016-06-29T17:30:31.100+0000 [clientcursormon]  mapped (incl journal view):128
2016-06-29T17:30:31.100+0000 [clientcursormon]  connections:1
2016-06-29T17:35:31.164+0000 [clientcursormon] mem (MB) res:44 virt:314
2016-06-29T17:35:31.164+0000 [clientcursormon]  mapped (incl journal view):128
2016-06-29T17:35:31.164+0000 [clientcursormon]  connections:1
2016-06-29T17:37:42.007+0000 [conn17] end connection 127.0.0.1:56338 (0 connections now open)
2016-06-29T17:37:49.067+0000 [initandlisten] connection accepted from 127.0.0.1:34426 #18 (1 connection now open)
2016-06-29T17:39:46.182+0000 [initandlisten] connection accepted from 127.0.0.1:40930 #19 (2 connections now open)
2016-06-29T17:40:31.196+0000 [clientcursormon] mem (MB) res:44 virt:314
2016-06-29T17:40:31.196+0000 [clientcursormon]  mapped (incl journal view):128
2016-06-29T17:40:31.196+0000 [clientcursormon]  connections:2
2016-06-29T17:42:32.043+0000 [conn18] end connection 127.0.0.1:34426 (1 connection now open)
2016-06-29T17:42:40.379+0000 [initandlisten] connection accepted from 127.0.0.1:50080 #20 (2 connections now open)
2016-06-29T17:45:31.255+0000 [clientcursormon] mem (MB) res:41 virt:314
2016-06-29T17:45:31.255+0000 [clientcursormon]  mapped (incl journal view):128
2016-06-29T17:45:31.255+0000 [clientcursormon]  connections:2
2016-06-29T17:48:16.158+0000 [conn20] end connection 127.0.0.1:50080 (1 connection now open)
2016-06-29T17:48:25.357+0000 [initandlisten] connection accepted from 127.0.0.1:38540 #21 (2 connections now open)
2016-06-29T17:50:31.279+0000 [clientcursormon] mem (MB) res:38 virt:314
2016-06-29T17:50:31.279+0000 [clientcursormon]  mapped (incl journal view):128
2016-06-29T17:50:31.279+0000 [clientcursormon]  connections:2
2016-06-29T17:52:56.266+0000 [conn21] end connection 127.0.0.1:38540 (1 connection now open)
2016-06-29T17:53:04.143+0000 [initandlisten] connection accepted from 127.0.0.1:52864 #22 (2 connections now open)
2016-06-29T17:55:31.336+0000 [clientcursormon] mem (MB) res:32 virt:314
2016-06-29T17:55:31.337+0000 [clientcursormon]  mapped (incl journal view):128
2016-06-29T17:55:31.337+0000 [clientcursormon]  connections:2
2016-06-29T17:59:35.589+0000 [conn22] end connection 127.0.0.1:52864 (1 connection now open)
2016-06-29T17:59:41.958+0000 [initandlisten] connection accepted from 127.0.0.1:43838 #23 (2 connections now open)
2016-06-29T18:00:31.387+0000 [clientcursormon] mem (MB) res:31 virt:314
2016-06-29T18:00:31.387+0000 [clientcursormon]  mapped (incl journal view):128
2016-06-29T18:00:31.387+0000 [clientcursormon]  connections:2
2016-06-29T18:05:31.416+0000 [clientcursormon] mem (MB) res:31 virt:314
2016-06-29T18:05:31.416+0000 [clientcursormon]  mapped (incl journal view):128
2016-06-29T18:05:31.416+0000 [clientcursormon]  connections:2
2016-06-29T18:10:31.448+0000 [clientcursormon] mem (MB) res:31 virt:314
2016-06-29T18:10:31.448+0000 [clientcursormon]  mapped (incl journal view):128
2016-06-29T18:10:31.448+0000 [clientcursormon]  connections:2
2016-06-29T18:15:31.492+0000 [clientcursormon] mem (MB) res:31 virt:314
2016-06-29T18:15:31.492+0000 [clientcursormon]  mapped (incl journal view):128
2016-06-29T18:15:31.492+0000 [clientcursormon]  connections:2
2016-06-29T18:20:31.523+0000 [clientcursormon] mem (MB) res:31 virt:314
2016-06-29T18:20:31.523+0000 [clientcursormon]  mapped (incl journal view):128
2016-06-29T18:20:31.523+0000 [clientcursormon]  connections:2
2016-06-29T18:25:31.552+0000 [clientcursormon] mem (MB) res:31 virt:314
2016-06-29T18:25:31.552+0000 [clientcursormon]  mapped (incl journal view):128
2016-06-29T18:25:31.552+0000 [clientcursormon]  connections:2
2016-06-29T18:30:31.570+0000 [clientcursormon] mem (MB) res:31 virt:314
2016-06-29T18:30:31.570+0000 [clientcursormon]  mapped (incl journal view):128
2016-06-29T18:30:31.570+0000 [clientcursormon]  connections:2
2016-06-29T18:35:31.588+0000 [clientcursormon] mem (MB) res:31 virt:314
2016-06-29T18:35:31.588+0000 [clientcursormon]  mapped (incl journal view):128
2016-06-29T18:35:31.588+0000 [clientcursormon]  connections:2
2016-06-29T18:40:31.634+0000 [clientcursormon] mem (MB) res:31 virt:314
2016-06-29T18:40:31.635+0000 [clientcursormon]  mapped (incl journal view):128
2016-06-29T18:40:31.635+0000 [clientcursormon]  connections:2
2016-06-29T18:45:31.672+0000 [clientcursormon] mem (MB) res:31 virt:314
2016-06-29T18:45:31.672+0000 [clientcursormon]  mapped (incl journal view):128
2016-06-29T18:45:31.672+0000 [clientcursormon]  connections:2
2016-06-29T18:50:31.702+0000 [clientcursormon] mem (MB) res:31 virt:314
2016-06-29T18:50:31.702+0000 [clientcursormon]  mapped (incl journal view):128
2016-06-29T18:50:31.702+0000 [clientcursormon]  connections:2
2016-06-29T18:55:31.740+0000 [clientcursormon] mem (MB) res:31 virt:314
2016-06-29T18:55:31.740+0000 [clientcursormon]  mapped (incl journal view):128
2016-06-29T18:55:31.740+0000 [clientcursormon]  connections:2
2016-06-29T19:00:31.782+0000 [clientcursormon] mem (MB) res:31 virt:314
2016-06-29T19:00:31.782+0000 [clientcursormon]  mapped (incl journal view):128
2016-06-29T19:00:31.782+0000 [clientcursormon]  connections:2
2016-06-29T19:05:31.837+0000 [clientcursormon] mem (MB) res:31 virt:314
2016-06-29T19:05:31.837+0000 [clientcursormon]  mapped (incl journal view):128
2016-06-29T19:05:31.837+0000 [clientcursormon]  connections:2
2016-06-29T19:10:31.856+0000 [clientcursormon] mem (MB) res:31 virt:314
2016-06-29T19:10:31.856+0000 [clientcursormon]  mapped (incl journal view):128
2016-06-29T19:10:31.856+0000 [clientcursormon]  connections:2
2016-06-29T19:15:31.887+0000 [clientcursormon] mem (MB) res:30 virt:314
2016-06-29T19:15:31.888+0000 [clientcursormon]  mapped (incl journal view):128
2016-06-29T19:15:31.888+0000 [clientcursormon]  connections:2
2016-06-29T19:20:31.946+0000 [clientcursormon] mem (MB) res:30 virt:314
2016-06-29T19:20:31.946+0000 [clientcursormon]  mapped (incl journal view):128
2016-06-29T19:20:31.946+0000 [clientcursormon]  connections:2
2016-06-29T19:25:32.016+0000 [clientcursormon] mem (MB) res:30 virt:314
2016-06-29T19:25:32.016+0000 [clientcursormon]  mapped (incl journal view):128
2016-06-29T19:25:32.016+0000 [clientcursormon]  connections:2
2016-06-29T19:30:32.079+0000 [clientcursormon] mem (MB) res:30 virt:314
2016-06-29T19:30:32.079+0000 [clientcursormon]  mapped (incl journal view):128
2016-06-29T19:30:32.079+0000 [clientcursormon]  connections:2
2016-06-29T19:31:13.893+0000 [conn23] end connection 127.0.0.1:43838 (1 connection now open)
2016-06-29T19:31:23.156+0000 [initandlisten] connection accepted from 127.0.0.1:57134 #24 (2 connections now open)
2016-06-29T19:31:32.446+0000 [conn24] end connection 127.0.0.1:57134 (1 connection now open)
2016-06-29T19:31:41.687+0000 [initandlisten] connection accepted from 127.0.0.1:57866 #25 (2 connections now open)
2016-06-29T19:32:41.473+0000 [initandlisten] connection accepted from 127.0.0.1:33914 #26 (3 connections now open)
2016-06-29T19:35:32.113+0000 [clientcursormon] mem (MB) res:30 virt:315
2016-06-29T19:35:32.114+0000 [clientcursormon]  mapped (incl journal view):128
2016-06-29T19:35:32.114+0000 [clientcursormon]  connections:3
2016-06-29T19:40:32.148+0000 [clientcursormon] mem (MB) res:30 virt:315
2016-06-29T19:40:32.148+0000 [clientcursormon]  mapped (incl journal view):128
2016-06-29T19:40:32.148+0000 [clientcursormon]  connections:3
2016-06-29T19:40:34.675+0000 [conn26] end connection 127.0.0.1:33914 (2 connections now open)
2016-06-29T19:40:34.676+0000 [conn25] end connection 127.0.0.1:57866 (1 connection now open)
2016-06-29T19:40:42.681+0000 [initandlisten] connection accepted from 127.0.0.1:55156 #27 (2 connections now open)
2016-06-29T19:45:32.173+0000 [clientcursormon] mem (MB) res:30 virt:315
2016-06-29T19:45:32.173+0000 [clientcursormon]  mapped (incl journal view):128
2016-06-29T19:45:32.173+0000 [clientcursormon]  connections:2
2016-06-29T19:50:32.205+0000 [clientcursormon] mem (MB) res:30 virt:315
2016-06-29T19:50:32.205+0000 [clientcursormon]  mapped (incl journal view):128
2016-06-29T19:50:32.205+0000 [clientcursormon]  connections:2
2016-06-29T19:55:32.268+0000 [clientcursormon] mem (MB) res:30 virt:315
2016-06-29T19:55:32.268+0000 [clientcursormon]  mapped (incl journal view):128
2016-06-29T19:55:32.268+0000 [clientcursormon]  connections:2
2016-06-29T20:00:32.301+0000 [clientcursormon] mem (MB) res:30 virt:315
2016-06-29T20:00:32.301+0000 [clientcursormon]  mapped (incl journal view):128
2016-06-29T20:00:32.301+0000 [clientcursormon]  connections:2
2016-06-29T20:05:32.357+0000 [clientcursormon] mem (MB) res:30 virt:315
2016-06-29T20:05:32.357+0000 [clientcursormon]  mapped (incl journal view):128
2016-06-29T20:05:32.357+0000 [clientcursormon]  connections:2
2016-06-29T20:10:32.412+0000 [clientcursormon] mem (MB) res:30 virt:315
2016-06-29T20:10:32.412+0000 [clientcursormon]  mapped (incl journal view):128
2016-06-29T20:10:32.412+0000 [clientcursormon]  connections:2
2016-06-29T20:15:32.446+0000 [clientcursormon] mem (MB) res:30 virt:315
2016-06-29T20:15:32.447+0000 [clientcursormon]  mapped (incl journal view):128
2016-06-29T20:15:32.447+0000 [clientcursormon]  connections:2
2016-06-29T20:20:32.495+0000 [clientcursormon] mem (MB) res:30 virt:315
2016-06-29T20:20:32.495+0000 [clientcursormon]  mapped (incl journal view):128
2016-06-29T20:20:32.495+0000 [clientcursormon]  connections:2
2016-06-29T20:25:32.522+0000 [clientcursormon] mem (MB) res:30 virt:315
2016-06-29T20:25:32.522+0000 [clientcursormon]  mapped (incl journal view):128
2016-06-29T20:25:32.522+0000 [clientcursormon]  connections:2
2016-06-29T20:30:32.547+0000 [clientcursormon] mem (MB) res:29 virt:315
2016-06-29T20:30:32.548+0000 [clientcursormon]  mapped (incl journal view):128
2016-06-29T20:30:32.548+0000 [clientcursormon]  connections:2
2016-06-29T20:35:32.564+0000 [clientcursormon] mem (MB) res:29 virt:315
2016-06-29T20:35:32.564+0000 [clientcursormon]  mapped (incl journal view):128
2016-06-29T20:35:32.564+0000 [clientcursormon]  connections:2
2016-06-29T20:40:32.638+0000 [clientcursormon] mem (MB) res:29 virt:315
2016-06-29T20:40:32.638+0000 [clientcursormon]  mapped (incl journal view):128
2016-06-29T20:40:32.638+0000 [clientcursormon]  connections:2
2016-06-29T20:45:32.657+0000 [clientcursormon] mem (MB) res:29 virt:315
2016-06-29T20:45:32.657+0000 [clientcursormon]  mapped (incl journal view):128
2016-06-29T20:45:32.657+0000 [clientcursormon]  connections:2
2016-06-29T20:50:32.677+0000 [clientcursormon] mem (MB) res:29 virt:315
2016-06-29T20:50:32.677+0000 [clientcursormon]  mapped (incl journal view):128
2016-06-29T20:50:32.677+0000 [clientcursormon]  connections:2
2016-06-29T20:55:32.699+0000 [clientcursormon] mem (MB) res:29 virt:315
2016-06-29T20:55:32.699+0000 [clientcursormon]  mapped (incl journal view):128
2016-06-29T20:55:32.699+0000 [clientcursormon]  connections:2
2016-06-29T21:00:32.720+0000 [clientcursormon] mem (MB) res:29 virt:315
2016-06-29T21:00:32.720+0000 [clientcursormon]  mapped (incl journal view):128
2016-06-29T21:00:32.720+0000 [clientcursormon]  connections:2
2016-06-29T21:05:32.742+0000 [clientcursormon] mem (MB) res:29 virt:315
2016-06-29T21:05:32.742+0000 [clientcursormon]  mapped (incl journal view):128
2016-06-29T21:05:32.742+0000 [clientcursormon]  connections:2
2016-06-29T21:10:32.767+0000 [clientcursormon] mem (MB) res:29 virt:315
2016-06-29T21:10:32.767+0000 [clientcursormon]  mapped (incl journal view):128
2016-06-29T21:10:32.767+0000 [clientcursormon]  connections:2
2016-06-29T21:15:32.788+0000 [clientcursormon] mem (MB) res:29 virt:315
2016-06-29T21:15:32.788+0000 [clientcursormon]  mapped (incl journal view):128
2016-06-29T21:15:32.788+0000 [clientcursormon]  connections:2
2016-06-29T21:20:32.823+0000 [clientcursormon] mem (MB) res:29 virt:315
2016-06-29T21:20:32.823+0000 [clientcursormon]  mapped (incl journal view):128
2016-06-29T21:20:32.823+0000 [clientcursormon]  connections:2
2016-06-29T21:25:32.844+0000 [clientcursormon] mem (MB) res:29 virt:315
2016-06-29T21:25:32.844+0000 [clientcursormon]  mapped (incl journal view):128
2016-06-29T21:25:32.844+0000 [clientcursormon]  connections:2
2016-06-29T21:30:32.860+0000 [clientcursormon] mem (MB) res:29 virt:315
2016-06-29T21:30:32.860+0000 [clientcursormon]  mapped (incl journal view):128
2016-06-29T21:30:32.860+0000 [clientcursormon]  connections:2
2016-06-29T21:35:32.899+0000 [clientcursormon] mem (MB) res:29 virt:315
2016-06-29T21:35:32.899+0000 [clientcursormon]  mapped (incl journal view):128
2016-06-29T21:35:32.900+0000 [clientcursormon]  connections:2
2016-06-29T21:40:32.920+0000 [clientcursormon] mem (MB) res:29 virt:315
2016-06-29T21:40:32.920+0000 [clientcursormon]  mapped (incl journal view):128
2016-06-29T21:40:32.920+0000 [clientcursormon]  connections:2
2016-06-29T21:45:32.939+0000 [clientcursormon] mem (MB) res:29 virt:315
2016-06-29T21:45:32.940+0000 [clientcursormon]  mapped (incl journal view):128
2016-06-29T21:45:32.940+0000 [clientcursormon]  connections:2
2016-06-29T21:50:32.959+0000 [clientcursormon] mem (MB) res:29 virt:315
2016-06-29T21:50:32.960+0000 [clientcursormon]  mapped (incl journal view):128
2016-06-29T21:50:32.960+0000 [clientcursormon]  connections:2
2016-06-29T21:55:32.976+0000 [clientcursormon] mem (MB) res:29 virt:315
2016-06-29T21:55:32.976+0000 [clientcursormon]  mapped (incl journal view):128
2016-06-29T21:55:32.976+0000 [clientcursormon]  connections:2
2016-06-29T21:59:15.099+0000 [conn27] end connection 127.0.0.1:55156 (1 connection now open)
2016-06-29T21:59:22.706+0000 [initandlisten] connection accepted from 127.0.0.1:60824 #28 (2 connections now open)
2016-06-29T22:00:33.010+0000 [clientcursormon] mem (MB) res:27 virt:315
2016-06-29T22:00:33.010+0000 [clientcursormon]  mapped (incl journal view):128
2016-06-29T22:00:33.010+0000 [clientcursormon]  connections:2
2016-06-29T22:05:33.045+0000 [clientcursormon] mem (MB) res:27 virt:315
2016-06-29T22:05:33.045+0000 [clientcursormon]  mapped (incl journal view):128
2016-06-29T22:05:33.045+0000 [clientcursormon]  connections:2
2016-06-29T22:10:33.071+0000 [clientcursormon] mem (MB) res:27 virt:315
2016-06-29T22:10:33.071+0000 [clientcursormon]  mapped (incl journal view):128
2016-06-29T22:10:33.071+0000 [clientcursormon]  connections:2
2016-06-29T22:12:46.867+0000 [conn28] end connection 127.0.0.1:60824 (1 connection now open)
2016-06-29T22:12:53.678+0000 [initandlisten] connection accepted from 127.0.0.1:42214 #29 (2 connections now open)
2016-06-29T22:14:00.184+0000 [initandlisten] connection accepted from 127.0.0.1:44406 #30 (3 connections now open)
2016-06-29T22:14:00.981+0000 [conn29] end connection 127.0.0.1:42214 (2 connections now open)
2016-06-29T22:14:00.982+0000 [conn30] end connection 127.0.0.1:44406 (1 connection now open)
2016-06-29T22:14:20.146+0000 [initandlisten] connection accepted from 127.0.0.1:45112 #31 (2 connections now open)
2016-06-29T22:15:33.100+0000 [clientcursormon] mem (MB) res:29 virt:315
2016-06-29T22:15:33.100+0000 [clientcursormon]  mapped (incl journal view):128
2016-06-29T22:15:33.100+0000 [clientcursormon]  connections:2
2016-06-29T22:20:33.120+0000 [clientcursormon] mem (MB) res:29 virt:315
2016-06-29T22:20:33.120+0000 [clientcursormon]  mapped (incl journal view):128
2016-06-29T22:20:33.120+0000 [clientcursormon]  connections:2
2016-06-29T22:25:33.143+0000 [clientcursormon] mem (MB) res:29 virt:315
2016-06-29T22:25:33.143+0000 [clientcursormon]  mapped (incl journal view):128
2016-06-29T22:25:33.143+0000 [clientcursormon]  connections:2
2016-06-29T22:30:33.161+0000 [clientcursormon] mem (MB) res:29 virt:315
2016-06-29T22:30:33.162+0000 [clientcursormon]  mapped (incl journal view):128
2016-06-29T22:30:33.162+0000 [clientcursormon]  connections:2
2016-06-29T22:33:30.648+0000 [conn31] end connection 127.0.0.1:45112 (1 connection now open)
2016-06-29T22:33:37.366+0000 [initandlisten] connection accepted from 127.0.0.1:40280 #32 (2 connections now open)
2016-06-29T22:35:33.191+0000 [clientcursormon] mem (MB) res:29 virt:315
2016-06-29T22:35:33.191+0000 [clientcursormon]  mapped (incl journal view):128
2016-06-29T22:35:33.191+0000 [clientcursormon]  connections:2
2016-06-29T22:38:08.406+0000 [conn32] end connection 127.0.0.1:40280 (1 connection now open)
2016-06-29T22:38:15.445+0000 [initandlisten] connection accepted from 127.0.0.1:53358 #33 (2 connections now open)
2016-06-29T22:40:08.708+0000 [initandlisten] connection accepted from 127.0.0.1:56708 #34 (3 connections now open)
2016-06-29T22:40:33.217+0000 [clientcursormon] mem (MB) res:29 virt:315
2016-06-29T22:40:33.217+0000 [clientcursormon]  mapped (incl journal view):128
2016-06-29T22:40:33.217+0000 [clientcursormon]  connections:3
2016-06-29T22:45:33.233+0000 [clientcursormon] mem (MB) res:29 virt:315
2016-06-29T22:45:33.233+0000 [clientcursormon]  mapped (incl journal view):128
2016-06-29T22:45:33.233+0000 [clientcursormon]  connections:3
2016-06-29T22:50:33.259+0000 [clientcursormon] mem (MB) res:29 virt:315
2016-06-29T22:50:33.259+0000 [clientcursormon]  mapped (incl journal view):128
2016-06-29T22:50:33.259+0000 [clientcursormon]  connections:3
2016-06-29T22:55:33.286+0000 [clientcursormon] mem (MB) res:29 virt:315
2016-06-29T22:55:33.286+0000 [clientcursormon]  mapped (incl journal view):128
2016-06-29T22:55:33.286+0000 [clientcursormon]  connections:3
2016-06-29T23:00:33.317+0000 [clientcursormon] mem (MB) res:29 virt:315
2016-06-29T23:00:33.318+0000 [clientcursormon]  mapped (incl journal view):128
2016-06-29T23:00:33.318+0000 [clientcursormon]  connections:3
2016-06-29T23:05:33.333+0000 [clientcursormon] mem (MB) res:29 virt:315
2016-06-29T23:05:33.333+0000 [clientcursormon]  mapped (incl journal view):128
2016-06-29T23:05:33.334+0000 [clientcursormon]  connections:3
2016-06-29T23:10:33.359+0000 [clientcursormon] mem (MB) res:29 virt:315
2016-06-29T23:10:33.360+0000 [clientcursormon]  mapped (incl journal view):128
2016-06-29T23:10:33.360+0000 [clientcursormon]  connections:3
2016-06-29T23:15:33.424+0000 [clientcursormon] mem (MB) res:29 virt:315
2016-06-29T23:15:33.424+0000 [clientcursormon]  mapped (incl journal view):128
2016-06-29T23:15:33.425+0000 [clientcursormon]  connections:3
2016-06-29T23:20:33.466+0000 [clientcursormon] mem (MB) res:29 virt:315
2016-06-29T23:20:33.466+0000 [clientcursormon]  mapped (incl journal view):128
2016-06-29T23:20:33.466+0000 [clientcursormon]  connections:3
2016-06-29T23:25:33.522+0000 [clientcursormon] mem (MB) res:29 virt:315
2016-06-29T23:25:33.522+0000 [clientcursormon]  mapped (incl journal view):128
2016-06-29T23:25:33.522+0000 [clientcursormon]  connections:3
2016-06-29T23:30:33.542+0000 [clientcursormon] mem (MB) res:29 virt:315
2016-06-29T23:30:33.543+0000 [clientcursormon]  mapped (incl journal view):128
2016-06-29T23:30:33.543+0000 [clientcursormon]  connections:3
2016-06-29T23:35:33.572+0000 [clientcursormon] mem (MB) res:29 virt:315
2016-06-29T23:35:33.572+0000 [clientcursormon]  mapped (incl journal view):128
2016-06-29T23:35:33.573+0000 [clientcursormon]  connections:3
2016-06-29T23:40:33.591+0000 [clientcursormon] mem (MB) res:29 virt:315
2016-06-29T23:40:33.591+0000 [clientcursormon]  mapped (incl journal view):128
2016-06-29T23:40:33.591+0000 [clientcursormon]  connections:3
2016-06-29T23:45:33.619+0000 [clientcursormon] mem (MB) res:29 virt:315
2016-06-29T23:45:33.619+0000 [clientcursormon]  mapped (incl journal view):128
2016-06-29T23:45:33.619+0000 [clientcursormon]  connections:3
2016-06-29T23:50:33.644+0000 [clientcursormon] mem (MB) res:29 virt:315
2016-06-29T23:50:33.644+0000 [clientcursormon]  mapped (incl journal view):128
2016-06-29T23:50:33.644+0000 [clientcursormon]  connections:3
2016-06-29T23:55:33.668+0000 [clientcursormon] mem (MB) res:29 virt:315
2016-06-29T23:55:33.668+0000 [clientcursormon]  mapped (incl journal view):128
2016-06-29T23:55:33.668+0000 [clientcursormon]  connections:3
2016-06-30T00:00:33.699+0000 [clientcursormon] mem (MB) res:29 virt:315
2016-06-30T00:00:33.699+0000 [clientcursormon]  mapped (incl journal view):128
2016-06-30T00:00:33.699+0000 [clientcursormon]  connections:3
2016-06-30T00:05:33.718+0000 [clientcursormon] mem (MB) res:29 virt:315
2016-06-30T00:05:33.719+0000 [clientcursormon]  mapped (incl journal view):128
2016-06-30T00:05:33.719+0000 [clientcursormon]  connections:3
2016-06-30T00:10:33.735+0000 [clientcursormon] mem (MB) res:29 virt:315
2016-06-30T00:10:33.735+0000 [clientcursormon]  mapped (incl journal view):128
2016-06-30T00:10:33.735+0000 [clientcursormon]  connections:3
2016-06-30T00:15:33.755+0000 [clientcursormon] mem (MB) res:29 virt:315
2016-06-30T00:15:33.756+0000 [clientcursormon]  mapped (incl journal view):128
2016-06-30T00:15:33.756+0000 [clientcursormon]  connections:3
2016-06-30T00:20:33.785+0000 [clientcursormon] mem (MB) res:29 virt:315
2016-06-30T00:20:33.785+0000 [clientcursormon]  mapped (incl journal view):128
2016-06-30T00:20:33.785+0000 [clientcursormon]  connections:3
2016-06-30T00:25:33.806+0000 [clientcursormon] mem (MB) res:29 virt:315
2016-06-30T00:25:33.806+0000 [clientcursormon]  mapped (incl journal view):128
2016-06-30T00:25:33.806+0000 [clientcursormon]  connections:3
2016-06-30T00:30:33.820+0000 [clientcursormon] mem (MB) res:29 virt:315
2016-06-30T00:30:33.820+0000 [clientcursormon]  mapped (incl journal view):128
2016-06-30T00:30:33.820+0000 [clientcursormon]  connections:3
2016-06-30T00:35:33.839+0000 [clientcursormon] mem (MB) res:29 virt:315
2016-06-30T00:35:33.839+0000 [clientcursormon]  mapped (incl journal view):128
2016-06-30T00:35:33.839+0000 [clientcursormon]  connections:3
2016-06-30T00:40:33.883+0000 [clientcursormon] mem (MB) res:29 virt:315
2016-06-30T00:40:33.885+0000 [clientcursormon]  mapped (incl journal view):128
2016-06-30T00:40:33.885+0000 [clientcursormon]  connections:3
2016-06-30T00:41:52.047+0000 [initandlisten] connection accepted from 127.0.0.1:33400 #35 (4 connections now open)
2016-06-30T00:45:33.909+0000 [clientcursormon] mem (MB) res:29 virt:316
2016-06-30T00:45:33.909+0000 [clientcursormon]  mapped (incl journal view):128
2016-06-30T00:45:33.909+0000 [clientcursormon]  connections:4
2016-06-30T00:50:33.937+0000 [clientcursormon] mem (MB) res:29 virt:316
2016-06-30T00:50:33.937+0000 [clientcursormon]  mapped (incl journal view):128
2016-06-30T00:50:33.937+0000 [clientcursormon]  connections:4
2016-06-30T00:55:33.978+0000 [clientcursormon] mem (MB) res:29 virt:316
2016-06-30T00:55:33.978+0000 [clientcursormon]  mapped (incl journal view):128
2016-06-30T00:55:33.978+0000 [clientcursormon]  connections:4
2016-06-30T01:00:34.065+0000 [clientcursormon] mem (MB) res:29 virt:316
2016-06-30T01:00:34.065+0000 [clientcursormon]  mapped (incl journal view):128
2016-06-30T01:00:34.065+0000 [clientcursormon]  connections:4
2016-06-30T01:05:34.094+0000 [clientcursormon] mem (MB) res:29 virt:316
2016-06-30T01:05:34.094+0000 [clientcursormon]  mapped (incl journal view):128
2016-06-30T01:05:34.094+0000 [clientcursormon]  connections:4
2016-06-30T01:10:34.119+0000 [clientcursormon] mem (MB) res:29 virt:316
2016-06-30T01:10:34.119+0000 [clientcursormon]  mapped (incl journal view):128
2016-06-30T01:10:34.119+0000 [clientcursormon]  connections:4
2016-06-30T01:15:34.138+0000 [clientcursormon] mem (MB) res:28 virt:316
2016-06-30T01:15:34.138+0000 [clientcursormon]  mapped (incl journal view):128
2016-06-30T01:15:34.138+0000 [clientcursormon]  connections:4
2016-06-30T01:20:34.154+0000 [clientcursormon] mem (MB) res:28 virt:316
2016-06-30T01:20:34.154+0000 [clientcursormon]  mapped (incl journal view):128
2016-06-30T01:20:34.154+0000 [clientcursormon]  connections:4
2016-06-30T01:25:34.183+0000 [clientcursormon] mem (MB) res:28 virt:316
2016-06-30T01:25:34.183+0000 [clientcursormon]  mapped (incl journal view):128
2016-06-30T01:25:34.183+0000 [clientcursormon]  connections:4
2016-06-30T01:30:34.201+0000 [clientcursormon] mem (MB) res:28 virt:316
2016-06-30T01:30:34.202+0000 [clientcursormon]  mapped (incl journal view):128
2016-06-30T01:30:34.202+0000 [clientcursormon]  connections:4
2016-06-30T01:35:34.230+0000 [clientcursormon] mem (MB) res:28 virt:316
2016-06-30T01:35:34.231+0000 [clientcursormon]  mapped (incl journal view):128
2016-06-30T01:35:34.231+0000 [clientcursormon]  connections:4
2016-06-30T01:40:34.270+0000 [clientcursormon] mem (MB) res:28 virt:316
2016-06-30T01:40:34.270+0000 [clientcursormon]  mapped (incl journal view):128
2016-06-30T01:40:34.270+0000 [clientcursormon]  connections:4
2016-06-30T01:45:34.291+0000 [clientcursormon] mem (MB) res:28 virt:316
2016-06-30T01:45:34.291+0000 [clientcursormon]  mapped (incl journal view):128
2016-06-30T01:45:34.291+0000 [clientcursormon]  connections:4
2016-06-30T01:50:34.307+0000 [clientcursormon] mem (MB) res:28 virt:316
2016-06-30T01:50:34.307+0000 [clientcursormon]  mapped (incl journal view):128
2016-06-30T01:50:34.307+0000 [clientcursormon]  connections:4
2016-06-30T01:55:34.335+0000 [clientcursormon] mem (MB) res:28 virt:316
2016-06-30T01:55:34.336+0000 [clientcursormon]  mapped (incl journal view):128
2016-06-30T01:55:34.336+0000 [clientcursormon]  connections:4
2016-06-30T02:00:34.355+0000 [clientcursormon] mem (MB) res:28 virt:316
2016-06-30T02:00:34.356+0000 [clientcursormon]  mapped (incl journal view):128
2016-06-30T02:00:34.356+0000 [clientcursormon]  connections:4
2016-06-30T02:05:34.374+0000 [clientcursormon] mem (MB) res:28 virt:316
2016-06-30T02:05:34.374+0000 [clientcursormon]  mapped (incl journal view):128
2016-06-30T02:05:34.374+0000 [clientcursormon]  connections:4
2016-06-30T02:10:34.396+0000 [clientcursormon] mem (MB) res:28 virt:316
2016-06-30T02:10:34.396+0000 [clientcursormon]  mapped (incl journal view):128
2016-06-30T02:10:34.396+0000 [clientcursormon]  connections:4
2016-06-30T02:15:34.415+0000 [clientcursormon] mem (MB) res:28 virt:316
2016-06-30T02:15:34.415+0000 [clientcursormon]  mapped (incl journal view):128
2016-06-30T02:15:34.416+0000 [clientcursormon]  connections:4
2016-06-30T02:20:34.440+0000 [clientcursormon] mem (MB) res:28 virt:316
2016-06-30T02:20:34.440+0000 [clientcursormon]  mapped (incl journal view):128
2016-06-30T02:20:34.440+0000 [clientcursormon]  connections:4
2016-06-30T02:25:34.456+0000 [clientcursormon] mem (MB) res:28 virt:316
2016-06-30T02:25:34.456+0000 [clientcursormon]  mapped (incl journal view):128
2016-06-30T02:25:34.456+0000 [clientcursormon]  connections:4
2016-06-30T02:30:34.471+0000 [clientcursormon] mem (MB) res:28 virt:316
2016-06-30T02:30:34.471+0000 [clientcursormon]  mapped (incl journal view):128
2016-06-30T02:30:34.471+0000 [clientcursormon]  connections:4
2016-06-30T02:35:34.488+0000 [clientcursormon] mem (MB) res:28 virt:316
2016-06-30T02:35:34.488+0000 [clientcursormon]  mapped (incl journal view):128
2016-06-30T02:35:34.488+0000 [clientcursormon]  connections:4
2016-06-30T02:40:34.514+0000 [clientcursormon] mem (MB) res:28 virt:316
2016-06-30T02:40:34.514+0000 [clientcursormon]  mapped (incl journal view):128
2016-06-30T02:40:34.514+0000 [clientcursormon]  connections:4
2016-06-30T02:45:34.534+0000 [clientcursormon] mem (MB) res:28 virt:316
2016-06-30T02:45:34.534+0000 [clientcursormon]  mapped (incl journal view):128
2016-06-30T02:45:34.534+0000 [clientcursormon]  connections:4
2016-06-30T02:50:34.547+0000 [clientcursormon] mem (MB) res:28 virt:316
2016-06-30T02:50:34.547+0000 [clientcursormon]  mapped (incl journal view):128
2016-06-30T02:50:34.548+0000 [clientcursormon]  connections:4
2016-06-30T02:55:34.564+0000 [clientcursormon] mem (MB) res:28 virt:316
2016-06-30T02:55:34.565+0000 [clientcursormon]  mapped (incl journal view):128
2016-06-30T02:55:34.565+0000 [clientcursormon]  connections:4
2016-06-30T03:00:34.581+0000 [clientcursormon] mem (MB) res:28 virt:316
2016-06-30T03:00:34.582+0000 [clientcursormon]  mapped (incl journal view):128
2016-06-30T03:00:34.582+0000 [clientcursormon]  connections:4
2016-06-30T03:05:34.603+0000 [clientcursormon] mem (MB) res:28 virt:316
2016-06-30T03:05:34.603+0000 [clientcursormon]  mapped (incl journal view):128
2016-06-30T03:05:34.603+0000 [clientcursormon]  connections:4
2016-06-30T03:10:34.623+0000 [clientcursormon] mem (MB) res:28 virt:316
2016-06-30T03:10:34.623+0000 [clientcursormon]  mapped (incl journal view):128
2016-06-30T03:10:34.623+0000 [clientcursormon]  connections:4
2016-06-30T03:15:34.636+0000 [clientcursormon] mem (MB) res:28 virt:316
2016-06-30T03:15:34.636+0000 [clientcursormon]  mapped (incl journal view):128
2016-06-30T03:15:34.636+0000 [clientcursormon]  connections:4
2016-06-30T03:20:34.665+0000 [clientcursormon] mem (MB) res:28 virt:316
2016-06-30T03:20:34.666+0000 [clientcursormon]  mapped (incl journal view):128
2016-06-30T03:20:34.666+0000 [clientcursormon]  connections:4
2016-06-30T03:25:34.699+0000 [clientcursormon] mem (MB) res:27 virt:316
2016-06-30T03:25:34.699+0000 [clientcursormon]  mapped (incl journal view):128
2016-06-30T03:25:34.699+0000 [clientcursormon]  connections:4
